# JRE version: OpenJDK Runtime Environment Homebrew (25.0.1) (build 25.0.1)
# Java VM: OpenJDK 64-Bit Server VM Homebrew (25.0.1, mixed mode, sharing, tiered, compressed oops, compressed class ptrs, g1 gc, bsd-aarch64)
GC Precious Log:
 CardTable entry size: 512
 Card Set container configuration: InlinePtr #cards 5 size 8 Array Of Cards #cards 10 size 36 Howl #buckets 4 coarsen threshold 1843 Howl Bitmap #cards 512 size 80 coarsen threshold 460 Card regions per heap region 1 cards per card region 2048
 CPUs: 8 total, 8 available
 Memory: 16384M
 Large Page Support: Disabled
 NUMA Support: Disabled
 Compressed Oops: Enabled (Zero based)
 Heap Region Size: 1M
 Heap Min Capacity: 8M
 Heap Initial Capacity: 256M
 Heap Max Capacity: 1G
 Pre-touch: Disabled
 Parallel Workers: 8
 Concurrent Workers: 2
 Concurrent Refinement Workers: 8
 Periodic GC: Disabled
Heap:
 garbage-first heap   total reserved 1048576K, committed 256000K, used 79959K [0x00000007c0000000, 0x0000000800000000)
  region size 1024K, 1 young (1024K), 0 survivors (0K)
GC Heap Usage History (20 events):
Event: 2.710 {heap Before GC invocations=28 (full 8):
 garbage-first heap   total reserved 1048576K, committed 256000K, used 224949K [0x00000007c0000000, 0x0000000800000000)
  region size 1024K, 142 young (145408K), 1 survivors (1024K)
}
Event: 2.710 {heap After GC invocations=29 (full 8):
 garbage-first heap   total reserved 1048576K, committed 256000K, used 80057K [0x00000007c0000000, 0x0000000800000000)
  region size 1024K, 1 young (1024K), 1 survivors (1024K)
}
Event: 2.942 {heap Before GC invocations=29 (full 8):
 garbage-first heap   total reserved 1048576K, committed 256000K, used 232633K [0x00000007c0000000, 0x0000000800000000)
  region size 1024K, 150 young (153600K), 1 survivors (1024K)
}
Event: 2.942 {heap After GC invocations=30 (full 8):
 garbage-first heap   total reserved 1048576K, committed 256000K, used 79987K [0x00000007c0000000, 0x0000000800000000)
  region size 1024K, 1 young (1024K), 1 survivors (1024K)
}
Event: 3.128 {heap Before GC invocations=30 (full 8):
 garbage-first heap   total reserved 1048576K, committed 256000K, used 232563K [0x00000007c0000000, 0x0000000800000000)
  region size 1024K, 150 young (153600K), 1 survivors (1024K)
}
Event: 3.128 {heap After GC invocations=31 (full 8):
 garbage-first heap   total reserved 1048576K, committed 256000K, used 79966K [0x00000007c0000000, 0x0000000800000000)
  region size 1024K, 1 young (1024K), 1 survivors (1024K)
}
Event: 3.307 {heap Before GC invocations=31 (full 8):
 garbage-first heap   total reserved 1048576K, committed 256000K, used 232542K [0x00000007c0000000, 0x0000000800000000)
  region size 1024K, 150 young (153600K), 1 survivors (1024K)
}
Event: 3.307 {heap After GC invocations=32 (full 8):
 garbage-first heap   total reserved 1048576K, committed 256000K, used 79969K [0x00000007c0000000, 0x0000000800000000)
  region size 1024K, 1 young (1024K), 1 survivors (1024K)
}
Event: 3.488 {heap Before GC invocations=32 (full 8):
 garbage-first heap   total reserved 1048576K, committed 256000K, used 232545K [0x00000007c0000000, 0x0000000800000000)
  region size 1024K, 150 young (153600K), 1 survivors (1024K)
}
Event: 3.488 {heap After GC invocations=33 (full 8):
 garbage-first heap   total reserved 1048576K, committed 256000K, used 79967K [0x00000007c0000000, 0x0000000800000000)
  region size 1024K, 1 young (1024K), 1 survivors (1024K)
}
Event: 3.653 {heap Before GC invocations=33 (full 8):
 garbage-first heap   total reserved 1048576K, committed 256000K, used 232543K [0x00000007c0000000, 0x0000000800000000)
  region size 1024K, 150 young (153600K), 1 survivors (1024K)
}
Event: 3.654 {heap After GC invocations=34 (full 8):
 garbage-first heap   total reserved 1048576K, committed 256000K, used 79967K [0x00000007c0000000, 0x0000000800000000)
  region size 1024K, 1 young (1024K), 1 survivors (1024K)
}
Event: 3.821 {heap Before GC invocations=34 (full 8):
 garbage-first heap   total reserved 1048576K, committed 256000K, used 232543K [0x00000007c0000000, 0x0000000800000000)
  region size 1024K, 150 young (153600K), 1 survivors (1024K)
}
Event: 3.821 {heap After GC invocations=35 (full 8):
 garbage-first heap   total reserved 1048576K, committed 256000K, used 79967K [0x00000007c0000000, 0x0000000800000000)
  region size 1024K, 1 young (1024K), 1 survivors (1024K)
}
Event: 3.986 {heap Before GC invocations=35 (full 8):
 garbage-first heap   total reserved 1048576K, committed 256000K, used 232543K [0x00000007c0000000, 0x0000000800000000)
  region size 1024K, 150 young (153600K), 1 survivors (1024K)
}
Event: 3.987 {heap After GC invocations=36 (full 8):
 garbage-first heap   total reserved 1048576K, committed 256000K, used 79979K [0x00000007c0000000, 0x0000000800000000)
  region size 1024K, 1 young (1024K), 1 survivors (1024K)
}
Event: 4.198 {heap Before GC invocations=36 (full 8):
 garbage-first heap   total reserved 1048576K, committed 256000K, used 129131K [0x00000007c0000000, 0x0000000800000000)
  region size 1024K, 50 young (51200K), 1 survivors (1024K)
}
Event: 4.233 {heap After GC invocations=37 (full 9):
 garbage-first heap   total reserved 1048576K, committed 256000K, used 79959K [0x00000007c0000000, 0x0000000800000000)
  region size 1024K, 0 young (0K), 0 survivors (0K)
}
Event: 4.715 {heap Before GC invocations=37 (full 9):
 garbage-first heap   total reserved 1048576K, committed 256000K, used 79959K [0x00000007c0000000, 0x0000000800000000)
  region size 1024K, 1 young (1024K), 0 survivors (0K)
}
Event: 4.748 {heap After GC invocations=38 (full 10):
 garbage-first heap   total reserved 1048576K, committed 256000K, used 79959K [0x00000007c0000000, 0x0000000800000000)
  region size 1024K, 0 young (0K), 0 survivors (0K)
}

